<?xml version="1.0" encoding="UTF-8"?>
<!-- Generated by org.testng.reporters.JUnitReportReporter -->
<testsuite skipped="2" hostname="laptop-2218" name="AdministrationTC.Admin_Flow" tests="4" failures="0" timestamp="2019-12-11T11:19:19 CST" time="89.069" errors="0">
  <testcase name="Login_Page_Test" time="22.693" classname="AdministrationTC.Admin_Flow"/>
  <testcase name="ProspectViewRecords_Page_Test" time="66.376" classname="AdministrationTC.Admin_Flow"/>
  <testcase name="PeopleSearch_Page_Test" classname="AdministrationTC.Admin_Flow">
    <skipped/>
  </testcase> <!-- PeopleSearch_Page_Test -->
  <testcase name="Dashboard_Page_Test" classname="AdministrationTC.Admin_Flow">
    <skipped/>
  </testcase> <!-- Dashboard_Page_Test -->
</testsuite> <!-- AdministrationTC.Admin_Flow -->
