<?xml version="1.0" encoding="UTF-8"?>
<!-- Generated by org.testng.reporters.JUnitReportReporter -->
<testsuite skipped="0" hostname="laptop-2218" name="AdministrationTC.Admin_Flow" tests="3" failures="0" timestamp="2019-10-29T10:34:53 CDT" time="74.409" errors="0">
  <testcase name="Login_Page_method" time="22.028" classname="AdministrationTC.Admin_Flow"/>
  <testcase name="dashboard_page_method" time="26.708" classname="AdministrationTC.Admin_Flow"/>
  <testcase name="ProspectViewRecords_page_method" time="25.673" classname="AdministrationTC.Admin_Flow"/>
</testsuite> <!-- AdministrationTC.Admin_Flow -->
